2024-12-23 10:01:16 INFO  c.r.E.EmployeeReimbursementSystemApplication - Starting EmployeeReimbursementSystemApplication using Java 17.0.12 with PID 63100 (C:\Users\david\OneDrive\Documents\Revature\Projects\EmployeeReimbursementSystem\EmployeeReimbursementSystemBackEnd\target\classes started by david in C:\Users\david\OneDrive\Documents\Revature\Projects\EmployeeReimbursementSystem\EmployeeReimbursementSystemBackEnd)
2024-12-23 10:01:16 INFO  c.r.E.EmployeeReimbursementSystemApplication - No active profile set, falling back to 1 default profile: "default"
2024-12-23 10:01:17 INFO  o.s.d.r.c.RepositoryConfigurationDelegate - Bootstrapping Spring Data JPA repositories in DEFAULT mode.
2024-12-23 10:01:17 INFO  o.s.d.r.c.RepositoryConfigurationDelegate - Finished Spring Data repository scanning in 71 ms. Found 3 JPA repository interfaces.
2024-12-23 10:01:18 INFO  o.s.b.w.e.tomcat.TomcatWebServer - Tomcat initialized with port 4444 (http)
2024-12-23 10:01:18 INFO  o.a.coyote.http11.Http11NioProtocol - Initializing ProtocolHandler ["http-nio-4444"]
2024-12-23 10:01:18 INFO  o.a.catalina.core.StandardService - Starting service [Tomcat]
2024-12-23 10:01:18 INFO  o.a.catalina.core.StandardEngine - Starting Servlet engine: [Apache Tomcat/10.1.33]
2024-12-23 10:01:18 INFO  o.a.c.c.C.[Tomcat].[localhost].[/] - Initializing Spring embedded WebApplicationContext
2024-12-23 10:01:18 INFO  o.s.b.w.s.c.ServletWebServerApplicationContext - Root WebApplicationContext: initialization completed in 2004 ms
2024-12-23 10:01:18 INFO  o.h.jpa.internal.util.LogHelper - HHH000204: Processing PersistenceUnitInfo [name: default]
2024-12-23 10:01:18 INFO  org.hibernate.Version - HHH000412: Hibernate ORM core version 6.6.2.Final
2024-12-23 10:01:18 INFO  o.h.c.i.RegionFactoryInitiator - HHH000026: Second-level cache disabled
2024-12-23 10:01:19 INFO  o.s.o.j.p.SpringPersistenceUnitInfo - No LoadTimeWeaver setup: ignoring JPA class transformer
2024-12-23 10:01:19 INFO  com.zaxxer.hikari.HikariDataSource - HikariPool-1 - Starting...
2024-12-23 10:01:19 INFO  com.zaxxer.hikari.pool.HikariPool - HikariPool-1 - Added connection org.postgresql.jdbc.PgConnection@429e7914
2024-12-23 10:01:19 INFO  com.zaxxer.hikari.HikariDataSource - HikariPool-1 - Start completed.
2024-12-23 10:01:19 INFO  o.hibernate.orm.connections.pooling - HHH10001005: Database info:
	Database JDBC URL [Connecting through datasource 'HikariDataSource (HikariPool-1)']
	Database driver: undefined/unknown
	Database version: 17.2
	Autocommit mode: undefined/unknown
	Isolation level: undefined/unknown
	Minimum pool size: undefined/unknown
	Maximum pool size: undefined/unknown
2024-12-23 10:01:20 INFO  o.h.e.t.j.p.i.JtaPlatformInitiator - HHH000489: No JTA platform available (set 'hibernate.transaction.jta.platform' to enable JTA platform integration)
2024-12-23 10:01:20 INFO  o.s.o.j.LocalContainerEntityManagerFactoryBean - Initialized JPA EntityManagerFactory for persistence unit 'default'
2024-12-23 10:01:21 WARN  o.s.b.a.o.j.JpaBaseConfiguration$JpaWebConfiguration - spring.jpa.open-in-view is enabled by default. Therefore, database queries may be performed during view rendering. Explicitly configure spring.jpa.open-in-view to disable this warning
2024-12-23 10:01:22 INFO  o.a.coyote.http11.Http11NioProtocol - Starting ProtocolHandler ["http-nio-4444"]
2024-12-23 10:01:22 INFO  o.s.b.w.e.tomcat.TomcatWebServer - Tomcat started on port 4444 (http) with context path '/'
2024-12-23 10:01:22 INFO  c.r.E.EmployeeReimbursementSystemApplication - Started EmployeeReimbursementSystemApplication in 6.187 seconds (process running for 6.862)
2024-12-23 10:01:22 INFO  c.r.initializer.AppInitializer - No users found, admin account created
2024-12-23 10:25:51 INFO  o.a.c.c.C.[Tomcat].[localhost].[/] - Initializing Spring DispatcherServlet 'dispatcherServlet'
2024-12-23 10:25:51 INFO  o.s.web.servlet.DispatcherServlet - Initializing Servlet 'dispatcherServlet'
2024-12-23 10:25:51 INFO  o.s.web.servlet.DispatcherServlet - Completed initialization in 1 ms
2024-12-23 10:25:52 INFO  c.r.services.AuthenticationService - Authenticating user with username: ADMIN
2024-12-23 10:25:52 INFO  c.r.services.AuthenticationService - User authenticated successfully
2024-12-23 10:25:52 INFO  c.r.c.AuthenticationController - User logged in successfully: OutgoingUserDTO{userId=1, username='ADMIN', role='MANAGER', firstName='admin', lastName='admin'}
2024-12-23 10:26:27 INFO  c.r.services.ReimbursementService - Manager with ID: 1 - Resolving reimbursement with id: 6
2024-12-23 10:26:27 INFO  c.r.services.ReimbursementService - Reimbursement resolved successfully: [FAILED toString()]
2024-12-23 10:26:49 INFO  c.r.services.ReimbursementService - Creating reimbursement for user with id: 1
2024-12-23 10:26:49 INFO  c.r.services.ReimbursementService - Reimbursement validated
2024-12-23 10:26:49 INFO  c.r.services.ReimbursementService - Reimbursement created successfully: OutgoingReimbursementDTO{reimbId=31, description='food', amount=500.0, status='PENDING', userId=1}
2024-12-23 10:27:06 INFO  c.r.services.ReimbursementService - Updating description for reimbursement with id: 31, and userId: 1
2024-12-23 10:27:06 INFO  c.r.services.ReimbursementService - Reimbursement description updated successfully: [FAILED toString()]
2024-12-23 10:27:24 INFO  com.revature.services.UserService - Promoting user with ID: 2 to manager
2024-12-23 10:27:24 INFO  com.revature.services.UserService - User with ID: 2 promoted to manager
2024-12-23 10:27:44 INFO  c.r.services.ReimbursementService - Manager with ID: 1 - Resolving reimbursement with id: 1
2024-12-23 10:27:44 INFO  c.r.services.ReimbursementService - Reimbursement resolved successfully: [FAILED toString()]
2024-12-23 10:27:55 INFO  c.r.c.AuthenticationController - User logged out successfully
2024-12-23 10:28:02 INFO  c.r.services.AuthenticationService - Authenticating user with username: tchung
2024-12-23 10:28:03 INFO  c.r.services.AuthenticationService - User authenticated successfully
2024-12-23 10:28:03 INFO  c.r.c.AuthenticationController - User logged in successfully: OutgoingUserDTO{userId=2, username='tchung', role='MANAGER', firstName='Trinity', lastName='Chung'}
2024-12-23 10:28:06 INFO  c.r.c.AuthenticationController - User logged out successfully
2024-12-23 10:28:12 INFO  c.r.services.AuthenticationService - Authenticating user with username: crobles
2024-12-23 10:28:12 INFO  c.r.services.AuthenticationService - User authenticated successfully
2024-12-23 10:28:12 INFO  c.r.c.AuthenticationController - User logged in successfully: OutgoingUserDTO{userId=3, username='crobles', role='EMPLOYEE', firstName='Carter', lastName='Robles'}
2024-12-23 10:28:25 INFO  c.r.services.ReimbursementService - Updating description for reimbursement with id: 22, and userId: 3
2024-12-23 10:28:25 INFO  c.r.services.ReimbursementService - Reimbursement description updated successfully: [FAILED toString()]
2024-12-23 10:29:05 INFO  c.r.c.AuthenticationController - Changing password for user with username: crobles
2024-12-23 10:29:05 ERROR c.r.e.GlobalExceptionHandler - Password cannot contain repeating characters
2024-12-23 10:29:16 INFO  c.r.c.AuthenticationController - Changing password for user with username: crobles
2024-12-23 10:29:16 INFO  c.r.c.AuthenticationController - Password changed successfully for user with username: crobles
2024-12-23 10:29:20 INFO  c.r.c.AuthenticationController - User logged out successfully
2024-12-23 10:29:39 INFO  c.r.c.AuthenticationController - Registering new user with username: jdoe
2024-12-23 10:29:39 ERROR c.r.e.GlobalExceptionHandler - Password must contain at least 2 numbers
2024-12-23 10:29:47 INFO  c.r.c.AuthenticationController - Registering new user with username: jdoe
2024-12-23 10:29:47 ERROR c.r.e.GlobalExceptionHandler - Password must countain at least 2 symbols
2024-12-23 10:30:01 INFO  c.r.c.AuthenticationController - Registering new user with username: jdoe
2024-12-23 10:30:01 INFO  c.r.c.AuthenticationController - New user registered successfully: OutgoingUserDTO{userId=13, username='jdoe', role='EMPLOYEE', firstName='John', lastName='Doe'}
2024-12-23 10:30:08 INFO  c.r.services.AuthenticationService - Authenticating user with username: jdoe
2024-12-23 10:30:08 INFO  c.r.services.AuthenticationService - User authenticated successfully
2024-12-23 10:30:08 INFO  c.r.c.AuthenticationController - User logged in successfully: OutgoingUserDTO{userId=13, username='jdoe', role='EMPLOYEE', firstName='John', lastName='Doe'}
2024-12-23 10:35:50 INFO  c.r.c.AuthenticationController - User logged out successfully
2024-12-23 10:35:56 INFO  c.r.services.AuthenticationService - Authenticating user with username: ADMIN
2024-12-23 10:35:56 INFO  c.r.services.AuthenticationService - User authenticated successfully
2024-12-23 10:35:56 INFO  c.r.c.AuthenticationController - User logged in successfully: OutgoingUserDTO{userId=1, username='ADMIN', role='MANAGER', firstName='admin', lastName='admin'}
